{
  "RSpec": {
    "coverage": {
      "/Users/mariavanaale/Projects/10week/bank_test/spec/unit/account_spec.rb": [
        1,
        null,
        1,
        1,
        7,
        null,
        null,
        1,
        1,
        null,
        null,
        1,
        1,
        1,
        1,
        null,
        null,
        1,
        1,
        1,
        null,
        null,
        1,
        1,
        1,
        null,
        null,
        null,
        1,
        1,
        3,
        null,
        null,
        1,
        1,
        null,
        1,
        null,
        null,
        1,
        null,
        null,
        1,
        1,
        null,
        1,
        null,
        null,
        1,
        null,
        null,
        1,
        1,
        null,
        1,
        null,
        null,
        1,
        null,
        null,
        null
      ],
      "/Users/mariavanaale/Projects/10week/bank_test/lib/account.rb": [
        1,
        null,
        null,
        1,
        1,
        null,
        1,
        7,
        7,
        null,
        null,
        1,
        6,
        6,
        6,
        null,
        null,
        1,
        3,
        3,
        3,
        null,
        null,
        1,
        0,
        null,
        null
      ],
      "/Users/mariavanaale/Projects/10week/bank_test/lib/statement.rb": [
        null,
        null,
        null,
        1,
        null,
        1,
        1,
        null,
        null,
        1,
        1,
        1,
        1,
        null,
        1,
        null,
        null
      ],
      "/Users/mariavanaale/Projects/10week/bank_test/spec/unit/statement_spec.rb": [
        1,
        null,
        1,
        2,
        2,
        1,
        1,
        null,
        null
      ],
      "/Users/mariavanaale/Projects/10week/bank_test/spec/unit/transactions_spec.rb": [
        1,
        null,
        1,
        1,
        1,
        1,
        null,
        null,
        1,
        1,
        1,
        null,
        null,
        1,
        1,
        1,
        null,
        null,
        1,
        1,
        1,
        null,
        null
      ],
      "/Users/mariavanaale/Projects/10week/bank_test/lib/transactions.rb": [
        1,
        null,
        null,
        1,
        null,
        1,
        1,
        4,
        4,
        4,
        4,
        null,
        null
      ]
    },
    "timestamp": 1558562444
  }
}
