{
  "RSpec": {
    "coverage": {
      "/Users/mariavanaale/Projects/10week/bank_test/spec/account_spec.rb": [
        1,
        null,
        1,
        1,
        7,
        null,
        null,
        1,
        1,
        null,
        null,
        1,
        1,
        1,
        1,
        null,
        null,
        1,
        1,
        1,
        null,
        null,
        1,
        1,
        1,
        null,
        null,
        null,
        1,
        1,
        3,
        null,
        null,
        1,
        1,
        null,
        1,
        null,
        null,
        1,
        null,
        null,
        1,
        1,
        null,
        1,
        null,
        null,
        1,
        null,
        null,
        1,
        1,
        null,
        1,
        null,
        null,
        1,
        null,
        null,
        null
      ],
      "/Users/mariavanaale/Projects/10week/bank_test/lib/account.rb": [
        null,
        null,
        null,
        1,
        1,
        null,
        1,
        7,
        7,
        null,
        null,
        1,
        6,
        6,
        6,
        null,
        null,
        1,
        3,
        3,
        3,
        null,
        null
      ],
      "/Users/mariavanaale/Projects/10week/bank_test/spec/statement_spec.rb": [

      ],
      "/Users/mariavanaale/Projects/10week/bank_test/spec/transaction_spec.rb": [

      ]
    },
    "timestamp": 1558526554
  }
}
